Using pre-set license
Built from '2020.2/release' branch; Version is '2020.2.1f1 (270dd8c3da1c) revision 2559448'; Using compiler version '192528614'; Build Type 'Release'
OS: 'Windows 10  (10.0.0) 64bit' Language: 'en' Physical Memory: 16279 MB
BatchMode: 1, IsHumanControllingUs: 0, StartBugReporterOnCrash: 0, Is64bit: 1, IsPro: 0

 COMMAND LINE ARGUMENTS:
C:\Program Files\Unity\Hub\Editor\2020.2.1f1\Editor\Unity.exe
-adb2
-batchMode
-noUpm
-name
AssetImportWorker0
-projectPath
C:/Users/Vultys/Documents/GitHub/Unity3DEducation/Logical Game
-logFile
Logs/AssetImportWorker0.log
-srvPort
63132
Successfully changed project path to: C:/Users/Vultys/Documents/GitHub/Unity3DEducation/Logical Game
C:/Users/Vultys/Documents/GitHub/Unity3DEducation/Logical Game
Using Asset Import Pipeline V2.
Refreshing native plugins compatible for Editor in 71.12 ms, found 0 plugins.
Preloading 0 native plugins for Editor in 0.00 ms.
Initialize engine version: 2020.2.1f1 (270dd8c3da1c)
[Subsystems] Discovering subsystems at path C:/Program Files/Unity/Hub/Editor/2020.2.1f1/Editor/Data/Resources/UnitySubsystems
[Subsystems] Discovering subsystems at path C:/Users/Vultys/Documents/GitHub/Unity3DEducation/Logical Game/Assets
GfxDevice: creating device client; threaded=0
Direct3D:
    Version:  Direct3D 11.0 [level 11.0]
    Renderer: NVIDIA GeForce 930MX (ID=0x134e)
    Vendor:   
    VRAM:     2010 MB
    Driver:   26.21.14.4318
Initialize mono
Mono path[0] = 'C:/Program Files/Unity/Hub/Editor/2020.2.1f1/Editor/Data/Managed'
Mono path[1] = 'C:/Program Files/Unity/Hub/Editor/2020.2.1f1/Editor/Data/MonoBleedingEdge/lib/mono/unityjit'
Mono config path = 'C:/Program Files/Unity/Hub/Editor/2020.2.1f1/Editor/Data/MonoBleedingEdge/etc'
Using monoOptions --debugger-agent=transport=dt_socket,embedding=1,server=y,suspend=n,address=127.0.0.1:56700
Begin MonoManager ReloadAssembly
Registering precompiled unity dll's ...
Register platform support module: C:/Program Files/Unity/Hub/Editor/2020.2.1f1/Editor/Data/PlaybackEngines/WindowsStandaloneSupport/UnityEditor.WindowsStandalone.Extensions.dll
Registered in 0.008327 seconds.
Native extension for WindowsStandalone target not found
Refreshing native plugins compatible for Editor in 63.15 ms, found 0 plugins.
Preloading 0 native plugins for Editor in 0.00 ms.
Invoked RoslynAnalysisRunner static constructor.
RoslynAnalysisRunner will not be running.
RoslynAnalysisRunner has terminated.
Mono: successfully reloaded assembly
- Completed reload, in  2.452 seconds
Platform modules already initialized, skipping
Registering precompiled user dll's ...
Registered in 0.010838 seconds.
Begin MonoManager ReloadAssembly
Native extension for WindowsStandalone target not found
Refreshing native plugins compatible for Editor in 0.53 ms, found 0 plugins.
Preloading 0 native plugins for Editor in 0.00 ms.
Invoked RoslynAnalysisRunner static constructor.
RoslynAnalysisRunner will not be running.
RoslynAnalysisRunner has terminated.
Mono: successfully reloaded assembly
- Completed reload, in  1.403 seconds
Platform modules already initialized, skipping
========================================================================
Worker process is ready to serve import requests
Launched and connected shader compiler UnityShaderCompiler.exe after 0.10 seconds
Refreshing native plugins compatible for Editor in 0.43 ms, found 0 plugins.
Preloading 0 native plugins for Editor in 0.00 ms.
Unloading 1521 Unused Serialized files (Serialized files now loaded: 0)
System memory in use before: 68.9 MB.
System memory in use after: 69.0 MB.

Unloading 36 unused Assets to reduce memory usage. Loaded Objects now: 1954.
Total: 2.050200 ms (FindLiveObjects: 0.200600 ms CreateObjectMapping: 0.096700 ms MarkObjects: 1.711500 ms  DeleteObjects: 0.040200 ms)

========================================================================
Received Import Request.
  path: Assets/Sprites/Score.svg
  artifactKey: Guid(ac9a606cdd8ba364fa0f56e5eff07b81) Importer(815301076,1909f56bfc062723c751e8b465ee728b)
Start importing Assets/Sprites/Score.svg using Guid(ac9a606cdd8ba364fa0f56e5eff07b81) Importer(815301076,1909f56bfc062723c751e8b465ee728b)  -> (artifact id: '4f4192ad8b0a948ad2482ae18435f0d2') in 0.054182 seconds
  Import took 0.056946 seconds .

========================================================================
Received Import Request.
  Time since last request: 8.094213 seconds.
  path: Assets/Sprites/Turns.svg
  artifactKey: Guid(d89ee621190091040a228a87e63f79e9) Importer(815301076,1909f56bfc062723c751e8b465ee728b)
Start importing Assets/Sprites/Turns.svg using Guid(d89ee621190091040a228a87e63f79e9) Importer(815301076,1909f56bfc062723c751e8b465ee728b)  -> (artifact id: '1a48fad3cb3919e64aebf64395ae1809') in 0.006918 seconds
  Import took 0.009740 seconds .

========================================================================
Received Import Request.
  Time since last request: 79.717672 seconds.
  path: Assets/Scripts/Controller.cs
  artifactKey: Guid(924126d9b7f91c9459e63d17afc3871c) Importer(815301076,1909f56bfc062723c751e8b465ee728b)
Start importing Assets/Scripts/Controller.cs using Guid(924126d9b7f91c9459e63d17afc3871c) Importer(815301076,1909f56bfc062723c751e8b465ee728b)  -> (artifact id: '0cc1b04554031a48b7033d5a89e42544') in 0.014472 seconds
  Import took 0.018093 seconds .

========================================================================
Received Import Request.
  Time since last request: 185.825631 seconds.
  path: Assets/Scripts/Field.cs
  artifactKey: Guid(eaa7ab47bd742ae43b17adad7ada5322) Importer(815301076,1909f56bfc062723c751e8b465ee728b)
Start importing Assets/Scripts/Field.cs using Guid(eaa7ab47bd742ae43b17adad7ada5322) Importer(815301076,1909f56bfc062723c751e8b465ee728b)  -> (artifact id: '1da113af4a1f3035f07df1e9382b67b4') in 0.005990 seconds
  Import took 0.010076 seconds .

========================================================================
Received Prepare
Registering precompiled user dll's ...
Registered in 0.008239 seconds.
Begin MonoManager ReloadAssembly
Native extension for WindowsStandalone target not found
Refreshing native plugins compatible for Editor in 0.50 ms, found 0 plugins.
Preloading 0 native plugins for Editor in 0.00 ms.
Invoked RoslynAnalysisRunner static constructor.
RoslynAnalysisRunner will not be running.
RoslynAnalysisRunner has terminated.
Mono: successfully reloaded assembly
- Completed reload, in  1.031 seconds
Platform modules already initialized, skipping
Refreshing native plugins compatible for Editor in 0.44 ms, found 0 plugins.
Preloading 0 native plugins for Editor in 0.00 ms.
Unloading 1518 Unused Serialized files (Serialized files now loaded: 0)
System memory in use before: 69.1 MB.
System memory in use after: 69.2 MB.

Unloading 28 unused Assets to reduce memory usage. Loaded Objects now: 1956.
Total: 1.965400 ms (FindLiveObjects: 0.226100 ms CreateObjectMapping: 0.053600 ms MarkObjects: 1.659700 ms  DeleteObjects: 0.024100 ms)

========================================================================
Received Import Request.
  Time since last request: 41.220412 seconds.
  path: Assets/Scripts/Field.cs
  artifactKey: Guid(eaa7ab47bd742ae43b17adad7ada5322) Importer(815301076,1909f56bfc062723c751e8b465ee728b)
Start importing Assets/Scripts/Field.cs using Guid(eaa7ab47bd742ae43b17adad7ada5322) Importer(815301076,1909f56bfc062723c751e8b465ee728b)  -> (artifact id: 'db3a83019f53809bc7a0e237ba124000') in 0.007580 seconds
  Import took 0.010533 seconds .

========================================================================
Received Prepare
Registering precompiled user dll's ...
Registered in 0.008097 seconds.
Begin MonoManager ReloadAssembly
Native extension for WindowsStandalone target not found
Refreshing native plugins compatible for Editor in 0.46 ms, found 0 plugins.
Preloading 0 native plugins for Editor in 0.00 ms.
Invoked RoslynAnalysisRunner static constructor.
RoslynAnalysisRunner will not be running.
RoslynAnalysisRunner has terminated.
Mono: successfully reloaded assembly
- Completed reload, in  1.075 seconds
Platform modules already initialized, skipping
Refreshing native plugins compatible for Editor in 0.42 ms, found 0 plugins.
Preloading 0 native plugins for Editor in 0.00 ms.
Unloading 1519 Unused Serialized files (Serialized files now loaded: 0)
System memory in use before: 69.3 MB.
System memory in use after: 69.4 MB.

Unloading 28 unused Assets to reduce memory usage. Loaded Objects now: 1958.
Total: 1.927900 ms (FindLiveObjects: 0.183300 ms CreateObjectMapping: 0.055000 ms MarkObjects: 1.668200 ms  DeleteObjects: 0.020500 ms)

========================================================================
Received Prepare
Registering precompiled user dll's ...
Registered in 0.013408 seconds.
Begin MonoManager ReloadAssembly
Native extension for WindowsStandalone target not found
Refreshing native plugins compatible for Editor in 0.46 ms, found 0 plugins.
Preloading 0 native plugins for Editor in 0.00 ms.
Invoked RoslynAnalysisRunner static constructor.
RoslynAnalysisRunner will not be running.
RoslynAnalysisRunner has terminated.
Mono: successfully reloaded assembly
- Completed reload, in  1.071 seconds
Platform modules already initialized, skipping
Refreshing native plugins compatible for Editor in 0.44 ms, found 0 plugins.
Preloading 0 native plugins for Editor in 0.00 ms.
Unloading 1518 Unused Serialized files (Serialized files now loaded: 0)
System memory in use before: 69.4 MB.
System memory in use after: 69.5 MB.

Unloading 28 unused Assets to reduce memory usage. Loaded Objects now: 1960.
Total: 2.020300 ms (FindLiveObjects: 0.148000 ms CreateObjectMapping: 0.053400 ms MarkObjects: 1.795400 ms  DeleteObjects: 0.022100 ms)

========================================================================
Received Import Request.
  Time since last request: 57.501552 seconds.
  path: Assets/Scripts/Field.cs
  artifactKey: Guid(eaa7ab47bd742ae43b17adad7ada5322) Importer(815301076,1909f56bfc062723c751e8b465ee728b)
Start importing Assets/Scripts/Field.cs using Guid(eaa7ab47bd742ae43b17adad7ada5322) Importer(815301076,1909f56bfc062723c751e8b465ee728b)  -> (artifact id: 'e57e5a0f514481cb89674e7ed1b2cab6') in 0.011603 seconds
  Import took 0.042727 seconds .

========================================================================
Received Prepare
Registering precompiled user dll's ...
Registered in 0.008136 seconds.
Begin MonoManager ReloadAssembly
Native extension for WindowsStandalone target not found
Refreshing native plugins compatible for Editor in 0.47 ms, found 0 plugins.
Preloading 0 native plugins for Editor in 0.00 ms.
Invoked RoslynAnalysisRunner static constructor.
RoslynAnalysisRunner will not be running.
RoslynAnalysisRunner has terminated.
Mono: successfully reloaded assembly
- Completed reload, in  1.073 seconds
Platform modules already initialized, skipping
Refreshing native plugins compatible for Editor in 0.42 ms, found 0 plugins.
Preloading 0 native plugins for Editor in 0.00 ms.
Unloading 1518 Unused Serialized files (Serialized files now loaded: 0)
System memory in use before: 69.6 MB.
System memory in use after: 69.7 MB.

Unloading 28 unused Assets to reduce memory usage. Loaded Objects now: 1962.
Total: 1.965200 ms (FindLiveObjects: 0.173800 ms CreateObjectMapping: 0.055400 ms MarkObjects: 1.710500 ms  DeleteObjects: 0.024600 ms)

========================================================================
Received Prepare
Registering precompiled user dll's ...
Registered in 0.008360 seconds.
Begin MonoManager ReloadAssembly
Native extension for WindowsStandalone target not found
Refreshing native plugins compatible for Editor in 0.46 ms, found 0 plugins.
Preloading 0 native plugins for Editor in 0.00 ms.
Invoked RoslynAnalysisRunner static constructor.
RoslynAnalysisRunner will not be running.
RoslynAnalysisRunner has terminated.
Mono: successfully reloaded assembly
- Completed reload, in  1.112 seconds
Platform modules already initialized, skipping
Refreshing native plugins compatible for Editor in 0.42 ms, found 0 plugins.
Preloading 0 native plugins for Editor in 0.00 ms.
Unloading 1518 Unused Serialized files (Serialized files now loaded: 0)
System memory in use before: 69.7 MB.
System memory in use after: 69.8 MB.

Unloading 28 unused Assets to reduce memory usage. Loaded Objects now: 1964.
Total: 1.985700 ms (FindLiveObjects: 0.189500 ms CreateObjectMapping: 0.053300 ms MarkObjects: 1.721800 ms  DeleteObjects: 0.019900 ms)

========================================================================
Received Prepare
Registering precompiled user dll's ...
Registered in 0.008203 seconds.
Begin MonoManager ReloadAssembly
Native extension for WindowsStandalone target not found
Refreshing native plugins compatible for Editor in 0.71 ms, found 0 plugins.
Preloading 0 native plugins for Editor in 0.00 ms.
Invoked RoslynAnalysisRunner static constructor.
RoslynAnalysisRunner will not be running.
RoslynAnalysisRunner has terminated.
Mono: successfully reloaded assembly
- Completed reload, in  1.129 seconds
Platform modules already initialized, skipping
Refreshing native plugins compatible for Editor in 0.42 ms, found 0 plugins.
Preloading 0 native plugins for Editor in 0.00 ms.
Unloading 1518 Unused Serialized files (Serialized files now loaded: 0)
System memory in use before: 69.8 MB.
System memory in use after: 69.9 MB.

Unloading 28 unused Assets to reduce memory usage. Loaded Objects now: 1966.
Total: 1.800400 ms (FindLiveObjects: 0.157300 ms CreateObjectMapping: 0.053300 ms MarkObjects: 1.568800 ms  DeleteObjects: 0.020100 ms)

========================================================================
Received Prepare
Registering precompiled user dll's ...
Registered in 0.008605 seconds.
Begin MonoManager ReloadAssembly
Native extension for WindowsStandalone target not found
Refreshing native plugins compatible for Editor in 0.47 ms, found 0 plugins.
Preloading 0 native plugins for Editor in 0.00 ms.
Invoked RoslynAnalysisRunner static constructor.
RoslynAnalysisRunner will not be running.
RoslynAnalysisRunner has terminated.
Mono: successfully reloaded assembly
- Completed reload, in  1.221 seconds
Platform modules already initialized, skipping
Refreshing native plugins compatible for Editor in 0.46 ms, found 0 plugins.
Preloading 0 native plugins for Editor in 0.00 ms.
Unloading 1518 Unused Serialized files (Serialized files now loaded: 0)
System memory in use before: 70.0 MB.
System memory in use after: 70.1 MB.

Unloading 28 unused Assets to reduce memory usage. Loaded Objects now: 1968.
Total: 1.994600 ms (FindLiveObjects: 0.235500 ms CreateObjectMapping: 0.048100 ms MarkObjects: 1.682100 ms  DeleteObjects: 0.027900 ms)

========================================================================
Received Import Request.
  Time since last request: 242.149181 seconds.
  path: Assets/Resources/Prefabs/Field.prefab
  artifactKey: Guid(d6bba1504f420454e9aee1d5fe0cce8a) Importer(815301076,1909f56bfc062723c751e8b465ee728b)
Start importing Assets/Resources/Prefabs/Field.prefab using Guid(d6bba1504f420454e9aee1d5fe0cce8a) Importer(815301076,1909f56bfc062723c751e8b465ee728b)  -> (artifact id: '9926effcdd4cbddbabe631aa0c6e9ae8') in 0.110561 seconds
  Import took 0.113766 seconds .

========================================================================
Received Import Request.
  Time since last request: 0.000331 seconds.
  path: Assets/Resources/Prefabs/HUD.prefab
  artifactKey: Guid(0cc57f7be43bdbe40a308d3426ba1341) Importer(815301076,1909f56bfc062723c751e8b465ee728b)
Start importing Assets/Resources/Prefabs/HUD.prefab using Guid(0cc57f7be43bdbe40a308d3426ba1341) Importer(815301076,1909f56bfc062723c751e8b465ee728b)  -> (artifact id: '55cd2ad42b1f51fd2a2352f85e88e1c1') in 0.040229 seconds
  Import took 0.043227 seconds .

========================================================================
Received Prepare
Registering precompiled user dll's ...
Registered in 0.009159 seconds.
Begin MonoManager ReloadAssembly
Native extension for WindowsStandalone target not found
Refreshing native plugins compatible for Editor in 0.85 ms, found 0 plugins.
Preloading 0 native plugins for Editor in 0.00 ms.
Invoked RoslynAnalysisRunner static constructor.
RoslynAnalysisRunner will not be running.
RoslynAnalysisRunner has terminated.
Mono: successfully reloaded assembly
- Completed reload, in  1.617 seconds
Platform modules already initialized, skipping
Refreshing native plugins compatible for Editor in 0.53 ms, found 0 plugins.
Preloading 0 native plugins for Editor in 0.00 ms.
Unloading 1518 Unused Serialized files (Serialized files now loaded: 0)
System memory in use before: 73.3 MB.
System memory in use after: 73.4 MB.

Unloading 31 unused Assets to reduce memory usage. Loaded Objects now: 1980.
Total: 2.324000 ms (FindLiveObjects: 0.214100 ms CreateObjectMapping: 0.075600 ms MarkObjects: 1.993300 ms  DeleteObjects: 0.039400 ms)

========================================================================
Received Prepare
Registering precompiled user dll's ...
Registered in 0.012769 seconds.
Begin MonoManager ReloadAssembly
Native extension for WindowsStandalone target not found
Refreshing native plugins compatible for Editor in 0.44 ms, found 0 plugins.
Preloading 0 native plugins for Editor in 0.00 ms.
Invoked RoslynAnalysisRunner static constructor.
RoslynAnalysisRunner will not be running.
RoslynAnalysisRunner has terminated.
Mono: successfully reloaded assembly
- Completed reload, in  1.211 seconds
Platform modules already initialized, skipping
Refreshing native plugins compatible for Editor in 0.51 ms, found 0 plugins.
Preloading 0 native plugins for Editor in 0.00 ms.
Unloading 1517 Unused Serialized files (Serialized files now loaded: 0)
System memory in use before: 73.4 MB.
System memory in use after: 73.5 MB.

Unloading 28 unused Assets to reduce memory usage. Loaded Objects now: 1982.
Total: 2.001300 ms (FindLiveObjects: 0.184000 ms CreateObjectMapping: 0.066200 ms MarkObjects: 1.725700 ms  DeleteObjects: 0.024000 ms)

========================================================================
Received Prepare
Refreshing native plugins compatible for Editor in 18.61 ms, found 0 plugins.
Preloading 0 native plugins for Editor in 0.00 ms.
Unloading 27 Unused Serialized files (Serialized files now loaded: 0)
System memory in use before: 44.1 MB.
System memory in use after: 44.2 MB.

Unloading 26 unused Assets to reduce memory usage. Loaded Objects now: 1982.
Total: 2.168100 ms (FindLiveObjects: 0.191800 ms CreateObjectMapping: 0.070700 ms MarkObjects: 1.883100 ms  DeleteObjects: 0.020800 ms)

========================================================================
Received Prepare
Registering precompiled user dll's ...
Registered in 0.009017 seconds.
Begin MonoManager ReloadAssembly
Native extension for WindowsStandalone target not found
Refreshing native plugins compatible for Editor in 0.48 ms, found 0 plugins.
Preloading 0 native plugins for Editor in 0.00 ms.
Invoked RoslynAnalysisRunner static constructor.
RoslynAnalysisRunner will not be running.
RoslynAnalysisRunner has terminated.
Mono: successfully reloaded assembly
- Completed reload, in  1.014 seconds
Platform modules already initialized, skipping
Refreshing native plugins compatible for Editor in 0.46 ms, found 0 plugins.
Preloading 0 native plugins for Editor in 0.00 ms.
Unloading 1514 Unused Serialized files (Serialized files now loaded: 0)
System memory in use before: 73.6 MB.
System memory in use after: 73.7 MB.

Unloading 28 unused Assets to reduce memory usage. Loaded Objects now: 1984.
Total: 2.020700 ms (FindLiveObjects: 0.210200 ms CreateObjectMapping: 0.070600 ms MarkObjects: 1.714500 ms  DeleteObjects: 0.024200 ms)

========================================================================
Received Prepare
Registering precompiled user dll's ...
Registered in 0.008558 seconds.
Begin MonoManager ReloadAssembly
Native extension for WindowsStandalone target not found
Refreshing native plugins compatible for Editor in 0.43 ms, found 0 plugins.
Preloading 0 native plugins for Editor in 0.00 ms.
Invoked RoslynAnalysisRunner static constructor.
RoslynAnalysisRunner will not be running.
RoslynAnalysisRunner has terminated.
Mono: successfully reloaded assembly
- Completed reload, in  1.628 seconds
Platform modules already initialized, skipping
Refreshing native plugins compatible for Editor in 1.18 ms, found 0 plugins.
Preloading 0 native plugins for Editor in 0.00 ms.
Unloading 1514 Unused Serialized files (Serialized files now loaded: 0)
System memory in use before: 73.7 MB.
System memory in use after: 73.8 MB.

Unloading 28 unused Assets to reduce memory usage. Loaded Objects now: 1986.
Total: 3.522700 ms (FindLiveObjects: 0.341400 ms CreateObjectMapping: 0.208600 ms MarkObjects: 2.934200 ms  DeleteObjects: 0.036000 ms)

========================================================================
Received Prepare
Refreshing native plugins compatible for Editor in 14.16 ms, found 0 plugins.
Preloading 0 native plugins for Editor in 0.00 ms.
Unloading 27 Unused Serialized files (Serialized files now loaded: 0)
System memory in use before: 44.5 MB.
System memory in use after: 44.6 MB.

Unloading 26 unused Assets to reduce memory usage. Loaded Objects now: 1986.
Total: 4.180400 ms (FindLiveObjects: 0.371000 ms CreateObjectMapping: 0.132600 ms MarkObjects: 3.645500 ms  DeleteObjects: 0.029100 ms)

